{
  "RSpec": {
    "coverage": {
      "C:/Users/h/Desktop/as/test2/app/helpers/application_helper.rb": [
        1,
        null
      ],
      "C:/Users/h/Desktop/as/test2/app/helpers/authors_helper.rb": [
        1,
        null
      ],
      "C:/Users/h/Desktop/as/test2/app/helpers/books_helper.rb": [
        1,
        null
      ],
      "C:/Users/h/Desktop/as/test2/app/helpers/home_page_helper.rb": [
        1,
        null
      ],
      "C:/Users/h/Desktop/as/test2/app/helpers/libraries_helper.rb": [
        1,
        null
      ],
      "C:/Users/h/Desktop/as/test2/app/controllers/home_page_controller.rb": [
        1,
        1,
        null,
        null,
        1,
        null,
        1,
        null,
        1,
        null,
        null
      ],
      "C:/Users/h/Desktop/as/test2/app/controllers/application_controller.rb": [
        1,
        null,
        null,
        1,
        null
      ]
    },
    "timestamp": 1404992127
  }
}
